{"name":"hexo","hostname":"Phillips-MBP-2","pid":31870,"level":20,"msg":"Writing database to /Users/phillip/blog/db.json","time":"2019-10-15T13:28:50.050Z","v":0}
{"name":"hexo","hostname":"Phillips-MBP-2","pid":31870,"level":20,"msg":"Hexo version: \u001b[35m3.9.0\u001b[39m","time":"2019-10-15T13:28:50.064Z","v":0}
{"name":"hexo","hostname":"Phillips-MBP-2","pid":31870,"level":20,"msg":"Working directory: \u001b[35m~/blog/\u001b[39m","time":"2019-10-15T13:28:50.065Z","v":0}
{"name":"hexo","hostname":"Phillips-MBP-2","pid":31870,"level":20,"msg":"Config loaded: \u001b[35m~/blog/_config.yml\u001b[39m","time":"2019-10-15T13:28:50.164Z","v":0}
{"name":"hexo","hostname":"Phillips-MBP-2","pid":31870,"level":20,"msg":"Plugin loaded: \u001b[35mhexo-generator-archive\u001b[39m","time":"2019-10-15T13:28:50.187Z","v":0}
{"name":"hexo","hostname":"Phillips-MBP-2","pid":31870,"level":20,"msg":"Plugin loaded: \u001b[35mhexo-generator-category\u001b[39m","time":"2019-10-15T13:28:50.188Z","v":0}
{"name":"hexo","hostname":"Phillips-MBP-2","pid":31870,"level":20,"msg":"Plugin loaded: \u001b[35mhexo-generator-index\u001b[39m","time":"2019-10-15T13:28:50.190Z","v":0}
{"name":"hexo","hostname":"Phillips-MBP-2","pid":31870,"level":20,"msg":"Plugin loaded: \u001b[35mhexo-generator-tag\u001b[39m","time":"2019-10-15T13:28:50.192Z","v":0}
{"name":"hexo","hostname":"Phillips-MBP-2","pid":31870,"level":20,"msg":"Plugin loaded: \u001b[35mhexo-deployer-git\u001b[39m","time":"2019-10-15T13:28:50.229Z","v":0}
{"name":"hexo","hostname":"Phillips-MBP-2","pid":31870,"level":20,"msg":"Plugin loaded: \u001b[35mhexo-renderer-sass\u001b[39m","time":"2019-10-15T13:28:50.256Z","v":0}
{"name":"hexo","hostname":"Phillips-MBP-2","pid":31870,"level":20,"msg":"Plugin loaded: \u001b[35mhexo-renderer-marked\u001b[39m","time":"2019-10-15T13:28:50.295Z","v":0}
{"name":"hexo","hostname":"Phillips-MBP-2","pid":31870,"level":20,"msg":"Plugin loaded: \u001b[35mhexo-renderer-jade\u001b[39m","time":"2019-10-15T13:28:50.795Z","v":0}
{"name":"hexo","hostname":"Phillips-MBP-2","pid":31870,"level":20,"msg":"Plugin loaded: \u001b[35mhexo-renderer-ejs\u001b[39m","time":"2019-10-15T13:28:50.801Z","v":0}
{"name":"hexo","hostname":"Phillips-MBP-2","pid":31870,"level":20,"msg":"Plugin loaded: \u001b[35mhexo-renderer-stylus\u001b[39m","time":"2019-10-15T13:28:50.802Z","v":0}
{"name":"hexo","hostname":"Phillips-MBP-2","pid":31870,"level":20,"msg":"Plugin loaded: \u001b[35mhexo-server\u001b[39m","time":"2019-10-15T13:28:50.878Z","v":0}
{"name":"hexo","hostname":"Phillips-MBP-2","pid":31870,"level":20,"msg":"Script loaded: \u001b[35mthemes/butterfly/scripts/hexo-plugins.txt\u001b[39m","time":"2019-10-15T13:28:50.882Z","v":0}
{"name":"hexo","hostname":"Phillips-MBP-2","pid":31870,"level":20,"msg":"Script loaded: \u001b[35mthemes/butterfly/scripts/note.js\u001b[39m","time":"2019-10-15T13:28:50.883Z","v":0}
{"name":"hexo","hostname":"Phillips-MBP-2","pid":31870,"level":20,"msg":"Script loaded: \u001b[35mthemes/butterfly/scripts/gallery-tag.js\u001b[39m","time":"2019-10-15T13:28:50.883Z","v":0}
{"name":"hexo","hostname":"Phillips-MBP-2","pid":31870,"level":20,"msg":"Script loaded: \u001b[35mthemes/butterfly/scripts/replace-config.js\u001b[39m","time":"2019-10-15T13:28:50.883Z","v":0}
{"name":"hexo","hostname":"Phillips-MBP-2","pid":31870,"level":20,"msg":"Script loaded: \u001b[35mthemes/butterfly/scripts/random_cover.js\u001b[39m","time":"2019-10-15T13:28:50.883Z","v":0}
{"name":"hexo","hostname":"Phillips-MBP-2","pid":31870,"level":20,"msg":"Script loaded: \u001b[35mthemes/butterfly/scripts/post-lazyload.js\u001b[39m","time":"2019-10-15T13:28:50.884Z","v":0}
{"name":"hexo","hostname":"Phillips-MBP-2","pid":31870,"level":20,"msg":"Script loaded: \u001b[35mthemes/butterfly/scripts/related_post.js\u001b[39m","time":"2019-10-15T13:28:50.884Z","v":0}
{"name":"hexo","hostname":"Phillips-MBP-2","pid":31870,"level":20,"msg":"Script loaded: \u001b[35mthemes/butterfly/scripts/url_check.js\u001b[39m","time":"2019-10-15T13:28:50.884Z","v":0}
{"name":"hexo","hostname":"Phillips-MBP-2","pid":31870,"level":20,"msg":"Script loaded: \u001b[35mthemes/butterfly/scripts/tags.js\u001b[39m","time":"2019-10-15T13:28:50.884Z","v":0}
{"name":"hexo","hostname":"Phillips-MBP-2","pid":31870,"level":20,"msg":"Database saved","time":"2019-10-15T13:28:50.889Z","v":0}
